Build started 7/21/2014 1:31:20 AM.
     1>Project "C:\Users\Marcos\Documents\GitHub\OpenGL Baseline1\OpenGL Baseline1\OpenGL Baseline1.vcxproj" on node 2 (Build target(s)).
     1>C:\Program Files (x86)\MSBuild\Microsoft.Cpp\v4.0\V120\Microsoft.CppBuild.targets(388,5): warning MSB8028: The intermediate directory (Debug\) contains files shared from another project (OpenGL Baseline1.vcxproj).  This can lead to incorrect clean and rebuild behavior.
         Creating directory "Debug\OpenGL Realtime.tlog\".
     1>InitializeBuildStatus:
         Creating "Debug\OpenGL Realtime.tlog\unsuccessfulbuild" because "AlwaysCreate" was specified.
       ClCompile:
         C:\Program Files (x86)\Microsoft Visual Studio 12.0\VC\bin\CL.exe /c /IC:\OpenGL\assimp\include /IC:\OpenGL\glew\include /IC:\OpenGL\glfw\include /ZI /nologo /W3 /WX- /Od /Oy- /D WIN32 /D _DEBUG /D _CONSOLE /D _LIB /D _UNICODE /D UNICODE /Gm /EHsc /RTC1 /MDd /GS /fp:precise /Zc:wchar_t /Zc:forScope /Fo"Debug\\" /Fd"Debug\vc120.pdb" /Gd /TP /analyze- /errorReport:prompt common\controls.cpp common\loadShader.cpp common\mesh.cpp Common\meshInstance.cpp common\text2D.cpp common\textureLoad.cpp main.cpp
         meshInstance.cpp
         Generating Code...
         Skipping... (no relevant changes detected)
         main.cpp
         textureLoad.cpp
         text2D.cpp
         mesh.cpp
         loadShader.cpp
         controls.cpp
       Link:
         C:\Program Files (x86)\Microsoft Visual Studio 12.0\VC\bin\link.exe /ERRORREPORT:PROMPT /OUT:"C:\Users\Marcos\Documents\GitHub\OpenGL Baseline1\Debug\OpenGL Realtime.exe" /INCREMENTAL /NOLOGO /LIBPATH:C:\OpenGL\assimp\lib /LIBPATH:C:\OpenGL\assimp\lib32 /LIBPATH:C:\OpenGL\SOIL\lib /LIBPATH:"C:\OpenGL\glfw\lib-msvc120" /LIBPATH:C:\OpenGL\glew\lib\Release\Win32 assimp.lib opengl32.lib glfw3.lib glu32.lib glew32s.lib SOIL.lib kernel32.lib user32.lib gdi32.lib winspool.lib comdlg32.lib advapi32.lib shell32.lib ole32.lib oleaut32.lib uuid.lib odbc32.lib odbccp32.lib /MANIFEST /MANIFESTUAC:"level='asInvoker' uiAccess='false'" /manifest:embed /DEBUG /PDB:"C:\Users\Marcos\Documents\GitHub\OpenGL Baseline1\Debug\OpenGL Realtime.pdb" /SUBSYSTEM:CONSOLE /TLBID:1 /DYNAMICBASE /NXCOMPAT /IMPLIB:"C:\OpenGL\assimp\lib\assimpd.dll" /MACHINE:X86 Debug\controls.obj
         Debug\loadShader.obj
         Debug\mesh.obj
         Debug\meshInstance.obj
         Debug\text2D.obj
         Debug\textureLoad.obj
         Debug\main.obj
     1>LINK : warning LNK4098: defaultlib 'MSVCRT' conflicts with use of other libs; use /NODEFAULTLIB:library
     1>LINK : warning LNK4098: defaultlib 'LIBCMT' conflicts with use of other libs; use /NODEFAULTLIB:library
     1>loadShader.obj : warning LNK4049: locally defined symbol ___glewAttachShader imported
     1>loadShader.obj : warning LNK4049: locally defined symbol ___glewCompileShader imported
     1>loadShader.obj : warning LNK4049: locally defined symbol ___glewCreateProgram imported
     1>loadShader.obj : warning LNK4049: locally defined symbol ___glewCreateShader imported
     1>loadShader.obj : warning LNK4049: locally defined symbol ___glewDeleteShader imported
     1>loadShader.obj : warning LNK4049: locally defined symbol ___glewGetProgramInfoLog imported
     1>loadShader.obj : warning LNK4049: locally defined symbol ___glewGetProgramiv imported
     1>loadShader.obj : warning LNK4049: locally defined symbol ___glewGetShaderInfoLog imported
     1>loadShader.obj : warning LNK4049: locally defined symbol ___glewGetShaderiv imported
     1>loadShader.obj : warning LNK4049: locally defined symbol ___glewLinkProgram imported
     1>loadShader.obj : warning LNK4049: locally defined symbol ___glewShaderSource imported
     1>mesh.obj : warning LNK4049: locally defined symbol ___glewBindBuffer imported
     1>meshInstance.obj : warning LNK4049: locally defined symbol ___glewBindBuffer imported
     1>text2D.obj : warning LNK4049: locally defined symbol ___glewBindBuffer imported
     1>mesh.obj : warning LNK4049: locally defined symbol ___glewBufferData imported
     1>text2D.obj : warning LNK4049: locally defined symbol ___glewBufferData imported
     1>mesh.obj : warning LNK4049: locally defined symbol ___glewGenBuffers imported
     1>text2D.obj : warning LNK4049: locally defined symbol ___glewGenBuffers imported
     1>mesh.obj : warning LNK4049: locally defined symbol ___glewBindVertexArray imported
     1>meshInstance.obj : warning LNK4049: locally defined symbol ___glewBindVertexArray imported
     1>mesh.obj : warning LNK4049: locally defined symbol ___glewGenVertexArrays imported
     1>meshInstance.obj : warning LNK4049: locally defined symbol ___glewActiveTexture imported
     1>text2D.obj : warning LNK4049: locally defined symbol ___glewActiveTexture imported
     1>meshInstance.obj : warning LNK4049: locally defined symbol ___glewDisableVertexAttribArray imported
     1>text2D.obj : warning LNK4049: locally defined symbol ___glewDisableVertexAttribArray imported
     1>meshInstance.obj : warning LNK4049: locally defined symbol ___glewEnableVertexAttribArray imported
     1>text2D.obj : warning LNK4049: locally defined symbol ___glewEnableVertexAttribArray imported
     1>meshInstance.obj : warning LNK4049: locally defined symbol ___glewGetUniformLocation imported
     1>text2D.obj : warning LNK4049: locally defined symbol ___glewGetUniformLocation imported
     1>meshInstance.obj : warning LNK4049: locally defined symbol ___glewUniform1i imported
     1>text2D.obj : warning LNK4049: locally defined symbol ___glewUniform1i imported
     1>meshInstance.obj : warning LNK4049: locally defined symbol ___glewUniformMatrix4fv imported
     1>meshInstance.obj : warning LNK4049: locally defined symbol ___glewUseProgram imported
     1>text2D.obj : warning LNK4049: locally defined symbol ___glewUseProgram imported
     1>meshInstance.obj : warning LNK4049: locally defined symbol ___glewVertexAttribPointer imported
     1>text2D.obj : warning LNK4049: locally defined symbol ___glewVertexAttribPointer imported
     1>text2D.obj : warning LNK4049: locally defined symbol ___glewDeleteBuffers imported
     1>text2D.obj : warning LNK4049: locally defined symbol ___glewDeleteProgram imported
     1>textureLoad.obj : warning LNK4049: locally defined symbol ___glewCompressedTexImage2D imported
     1>textureLoad.obj : warning LNK4049: locally defined symbol ___glewGenerateMipmap imported
     1>glew32s.lib(glew.obj) : warning LNK4099: PDB 'vc100.pdb' was not found with 'glew32s.lib(glew.obj)' or at 'C:\Users\Marcos\Documents\GitHub\OpenGL Baseline1\Debug\vc100.pdb'; linking object as if no debug info
         OpenGL Baseline1.vcxproj -> C:\Users\Marcos\Documents\GitHub\OpenGL Baseline1\Debug\OpenGL Realtime.exe
       FinalizeBuildStatus:
         Deleting file "Debug\OpenGL Realtime.tlog\unsuccessfulbuild".
         Touching "Debug\OpenGL Realtime.tlog\OpenGL Realtime.lastbuildstate".
     1>Done Building Project "C:\Users\Marcos\Documents\GitHub\OpenGL Baseline1\OpenGL Baseline1\OpenGL Baseline1.vcxproj" (Build target(s)).

Build succeeded.

Time Elapsed 00:00:01.79
