Build started 8/27/2014 12:12:34 AM.
     1>Project "C:\Users\Marcos\Documents\GitHub\Realtime-Rendering\Realtime Rendering\Realtime Rendering.vcxproj" on node 2 (Build target(s)).
     1>InitializeBuildStatus:
         Touching "Debug\Realtime.C1CA4FA4.tlog\unsuccessfulbuild".
       ClCompile:
         C:\Program Files (x86)\Microsoft Visual Studio 12.0\VC\bin\CL.exe /c /I"C:\Program Files (x86)\Visual Leak Detector\include" /ZI /nologo /W3 /WX- /Od /Oy- /D WIN32 /D _DEBUG /D _CONSOLE /D _LIB /D _UNICODE /D UNICODE /Gm /EHsc /RTC1 /MDd /GS /fp:precise /Zc:wchar_t /Zc:forScope /Fo"Debug\\" /Fd"Debug\vc120.pdb" /Gd /TP /analyze- /errorReport:prompt Common\Graphics\GridMesh.cpp Common\Graphics\mesh.cpp Common\Graphics\meshInstance.cpp Common\Util\DebugDisplay.cpp Common\Util\text2D.cpp common\controls.cpp main.cpp
         main.cpp
     1>c:\users\marcos\documents\github\realtime-rendering\realtime rendering\libraries\include\glm\fwd.hpp(49): error C2039: 'tquat' : is not a member of 'glm::detail'
     1>c:\users\marcos\documents\github\realtime-rendering\realtime rendering\libraries\include\glm\fwd.hpp(49): error C2143: syntax error : missing ';' before '<'
     1>c:\users\marcos\documents\github\realtime-rendering\realtime rendering\libraries\include\glm\fwd.hpp(49): error C4430: missing type specifier - int assumed. Note: C++ does not support default-int
     1>c:\users\marcos\documents\github\realtime-rendering\realtime rendering\libraries\include\glm\fwd.hpp(54): error C2039: 'tquat' : is not a member of 'glm::detail'
     1>c:\users\marcos\documents\github\realtime-rendering\realtime rendering\libraries\include\glm\fwd.hpp(54): warning C4091: 'typedef ' : ignored on left of 'int' when no variable is declared
     1>c:\users\marcos\documents\github\realtime-rendering\realtime rendering\libraries\include\glm\fwd.hpp(54): error C2143: syntax error : missing ';' before '<'
     1>c:\users\marcos\documents\github\realtime-rendering\realtime rendering\libraries\include\glm\fwd.hpp(54): error C2059: syntax error : '<'
     1>c:\users\marcos\documents\github\realtime-rendering\realtime rendering\libraries\include\glm\fwd.hpp(59): error C2039: 'tquat' : is not a member of 'glm::detail'
     1>c:\users\marcos\documents\github\realtime-rendering\realtime rendering\libraries\include\glm\fwd.hpp(59): warning C4091: 'typedef ' : ignored on left of 'int' when no variable is declared
     1>c:\users\marcos\documents\github\realtime-rendering\realtime rendering\libraries\include\glm\fwd.hpp(59): error C2143: syntax error : missing ';' before '<'
     1>c:\users\marcos\documents\github\realtime-rendering\realtime rendering\libraries\include\glm\fwd.hpp(59): error C2059: syntax error : '<'
     1>c:\users\marcos\documents\github\realtime-rendering\realtime rendering\libraries\include\glm\fwd.hpp(69): error C2146: syntax error : missing ';' before identifier 'quat'
     1>c:\users\marcos\documents\github\realtime-rendering\realtime rendering\libraries\include\glm\fwd.hpp(69): error C4430: missing type specifier - int assumed. Note: C++ does not support default-int
     1>c:\users\marcos\documents\github\realtime-rendering\realtime rendering\libraries\include\glm\fwd.hpp(75): error C2146: syntax error : missing ';' before identifier 'lowp_fquat'
     1>c:\users\marcos\documents\github\realtime-rendering\realtime rendering\libraries\include\glm\fwd.hpp(75): error C4430: missing type specifier - int assumed. Note: C++ does not support default-int
     1>c:\users\marcos\documents\github\realtime-rendering\realtime rendering\libraries\include\glm\fwd.hpp(80): error C2146: syntax error : missing ';' before identifier 'mediump_fquat'
     1>c:\users\marcos\documents\github\realtime-rendering\realtime rendering\libraries\include\glm\fwd.hpp(80): error C4430: missing type specifier - int assumed. Note: C++ does not support default-int
     1>c:\users\marcos\documents\github\realtime-rendering\realtime rendering\libraries\include\glm\fwd.hpp(90): error C2146: syntax error : missing ';' before identifier 'fquat'
     1>c:\users\marcos\documents\github\realtime-rendering\realtime rendering\libraries\include\glm\fwd.hpp(90): error C4430: missing type specifier - int assumed. Note: C++ does not support default-int
     1>c:\users\marcos\documents\github\realtime-rendering\realtime rendering\libraries\include\glm\fwd.hpp(90): error C2378: 'glm::quat' : redefinition; symbol cannot be overloaded with a typedef
                 c:\users\marcos\documents\github\realtime-rendering\realtime rendering\libraries\include\glm\fwd.hpp(69) : see declaration of 'glm::quat'
     1>c:\users\marcos\documents\github\realtime-rendering\realtime rendering\libraries\include\glm\fwd.hpp(96): error C2039: 'tquat' : is not a member of 'glm::detail'
     1>c:\users\marcos\documents\github\realtime-rendering\realtime rendering\libraries\include\glm\fwd.hpp(96): warning C4091: 'typedef ' : ignored on left of 'int' when no variable is declared
     1>c:\users\marcos\documents\github\realtime-rendering\realtime rendering\libraries\include\glm\fwd.hpp(96): error C2143: syntax error : missing ';' before '<'
     1>c:\users\marcos\documents\github\realtime-rendering\realtime rendering\libraries\include\glm\fwd.hpp(96): error C2059: syntax error : '<'
     1>c:\users\marcos\documents\github\realtime-rendering\realtime rendering\libraries\include\glm\fwd.hpp(101): error C2039: 'tquat' : is not a member of 'glm::detail'
     1>c:\users\marcos\documents\github\realtime-rendering\realtime rendering\libraries\include\glm\fwd.hpp(101): warning C4091: 'typedef ' : ignored on left of 'int' when no variable is declared
     1>c:\users\marcos\documents\github\realtime-rendering\realtime rendering\libraries\include\glm\fwd.hpp(101): error C2143: syntax error : missing ';' before '<'
     1>c:\users\marcos\documents\github\realtime-rendering\realtime rendering\libraries\include\glm\fwd.hpp(101): error C2059: syntax error : '<'
     1>c:\users\marcos\documents\github\realtime-rendering\realtime rendering\libraries\include\glm\fwd.hpp(106): error C2039: 'tquat' : is not a member of 'glm::detail'
     1>c:\users\marcos\documents\github\realtime-rendering\realtime rendering\libraries\include\glm\fwd.hpp(106): warning C4091: 'typedef ' : ignored on left of 'int' when no variable is declared
     1>c:\users\marcos\documents\github\realtime-rendering\realtime rendering\libraries\include\glm\fwd.hpp(106): error C2143: syntax error : missing ';' before '<'
     1>c:\users\marcos\documents\github\realtime-rendering\realtime rendering\libraries\include\glm\fwd.hpp(106): error C2059: syntax error : '<'
     1>c:\users\marcos\documents\github\realtime-rendering\realtime rendering\libraries\include\glm\fwd.hpp(118): error C2146: syntax error : missing ';' before identifier 'dquat'
     1>c:\users\marcos\documents\github\realtime-rendering\realtime rendering\libraries\include\glm\fwd.hpp(118): error C4430: missing type specifier - int assumed. Note: C++ does not support default-int
     1>c:\users\marcos\documents\github\realtime-rendering\realtime rendering\libraries\include\glm\fwd.hpp(2255): error C2039: 'tquat' : is not a member of 'glm::detail'
     1>c:\users\marcos\documents\github\realtime-rendering\realtime rendering\libraries\include\glm\fwd.hpp(2255): warning C4091: 'typedef ' : ignored on left of 'int' when no variable is declared
     1>c:\users\marcos\documents\github\realtime-rendering\realtime rendering\libraries\include\glm\fwd.hpp(2255): error C2143: syntax error : missing ';' before '<'
     1>c:\users\marcos\documents\github\realtime-rendering\realtime rendering\libraries\include\glm\fwd.hpp(2255): error C2059: syntax error : '<'
     1>c:\users\marcos\documents\github\realtime-rendering\realtime rendering\libraries\include\glm\fwd.hpp(2259): error C2039: 'tquat' : is not a member of 'glm::detail'
     1>c:\users\marcos\documents\github\realtime-rendering\realtime rendering\libraries\include\glm\fwd.hpp(2259): warning C4091: 'typedef ' : ignored on left of 'int' when no variable is declared
     1>c:\users\marcos\documents\github\realtime-rendering\realtime rendering\libraries\include\glm\fwd.hpp(2259): error C2143: syntax error : missing ';' before '<'
     1>c:\users\marcos\documents\github\realtime-rendering\realtime rendering\libraries\include\glm\fwd.hpp(2259): error C2059: syntax error : '<'
     1>c:\users\marcos\documents\github\realtime-rendering\realtime rendering\libraries\include\glm\fwd.hpp(2263): error C2039: 'tquat' : is not a member of 'glm::detail'
     1>c:\users\marcos\documents\github\realtime-rendering\realtime rendering\libraries\include\glm\fwd.hpp(2263): warning C4091: 'typedef ' : ignored on left of 'int' when no variable is declared
     1>c:\users\marcos\documents\github\realtime-rendering\realtime rendering\libraries\include\glm\fwd.hpp(2263): error C2143: syntax error : missing ';' before '<'
     1>c:\users\marcos\documents\github\realtime-rendering\realtime rendering\libraries\include\glm\fwd.hpp(2263): error C2059: syntax error : '<'
     1>c:\users\marcos\documents\github\realtime-rendering\realtime rendering\libraries\include\glm\fwd.hpp(2267): error C2039: 'tquat' : is not a member of 'glm::detail'
     1>c:\users\marcos\documents\github\realtime-rendering\realtime rendering\libraries\include\glm\fwd.hpp(2267): warning C4091: 'typedef ' : ignored on left of 'int' when no variable is declared
     1>c:\users\marcos\documents\github\realtime-rendering\realtime rendering\libraries\include\glm\fwd.hpp(2267): error C2143: syntax error : missing ';' before '<'
     1>c:\users\marcos\documents\github\realtime-rendering\realtime rendering\libraries\include\glm\fwd.hpp(2267): error C2059: syntax error : '<'
     1>c:\users\marcos\documents\github\realtime-rendering\realtime rendering\libraries\include\glm\fwd.hpp(2271): error C2039: 'tquat' : is not a member of 'glm::detail'
     1>c:\users\marcos\documents\github\realtime-rendering\realtime rendering\libraries\include\glm\fwd.hpp(2271): warning C4091: 'typedef ' : ignored on left of 'int' when no variable is declared
     1>c:\users\marcos\documents\github\realtime-rendering\realtime rendering\libraries\include\glm\fwd.hpp(2271): error C2143: syntax error : missing ';' before '<'
     1>c:\users\marcos\documents\github\realtime-rendering\realtime rendering\libraries\include\glm\fwd.hpp(2271): error C2059: syntax error : '<'
     1>c:\users\marcos\documents\github\realtime-rendering\realtime rendering\libraries\include\glm\fwd.hpp(2275): error C2039: 'tquat' : is not a member of 'glm::detail'
     1>c:\users\marcos\documents\github\realtime-rendering\realtime rendering\libraries\include\glm\fwd.hpp(2275): warning C4091: 'typedef ' : ignored on left of 'int' when no variable is declared
     1>c:\users\marcos\documents\github\realtime-rendering\realtime rendering\libraries\include\glm\fwd.hpp(2275): error C2143: syntax error : missing ';' before '<'
     1>c:\users\marcos\documents\github\realtime-rendering\realtime rendering\libraries\include\glm\fwd.hpp(2275): error C2059: syntax error : '<'
     1>c:\users\marcos\documents\github\realtime-rendering\realtime rendering\libraries\include\glm\fwd.hpp(2417): error C2378: 'glm::fquat' : redefinition; symbol cannot be overloaded with a typedef
                 c:\users\marcos\documents\github\realtime-rendering\realtime rendering\libraries\include\glm\fwd.hpp(90) : see declaration of 'glm::fquat'
     1>c:\users\marcos\documents\github\realtime-rendering\realtime rendering\libraries\include\glm\fwd.hpp(2487): error C2146: syntax error : missing ';' before identifier 'f32quat'
     1>c:\users\marcos\documents\github\realtime-rendering\realtime rendering\libraries\include\glm\fwd.hpp(2487): error C4430: missing type specifier - int assumed. Note: C++ does not support default-int
     1>c:\users\marcos\documents\github\realtime-rendering\realtime rendering\libraries\include\glm\fwd.hpp(2594): error C2146: syntax error : missing ';' before identifier 'f64quat'
     1>c:\users\marcos\documents\github\realtime-rendering\realtime rendering\libraries\include\glm\fwd.hpp(2594): error C4430: missing type specifier - int assumed. Note: C++ does not support default-int
         controls.cpp
     1>c:\users\marcos\documents\github\realtime-rendering\realtime rendering\libraries\include\glm\fwd.hpp(49): error C2039: 'tquat' : is not a member of 'glm::detail'
     1>c:\users\marcos\documents\github\realtime-rendering\realtime rendering\libraries\include\glm\fwd.hpp(49): error C2143: syntax error : missing ';' before '<'
     1>c:\users\marcos\documents\github\realtime-rendering\realtime rendering\libraries\include\glm\fwd.hpp(49): error C4430: missing type specifier - int assumed. Note: C++ does not support default-int
     1>c:\users\marcos\documents\github\realtime-rendering\realtime rendering\libraries\include\glm\fwd.hpp(54): error C2039: 'tquat' : is not a member of 'glm::detail'
     1>c:\users\marcos\documents\github\realtime-rendering\realtime rendering\libraries\include\glm\fwd.hpp(54): warning C4091: 'typedef ' : ignored on left of 'int' when no variable is declared
     1>c:\users\marcos\documents\github\realtime-rendering\realtime rendering\libraries\include\glm\fwd.hpp(54): error C2143: syntax error : missing ';' before '<'
     1>c:\users\marcos\documents\github\realtime-rendering\realtime rendering\libraries\include\glm\fwd.hpp(54): error C2059: syntax error : '<'
     1>c:\users\marcos\documents\github\realtime-rendering\realtime rendering\libraries\include\glm\fwd.hpp(59): error C2039: 'tquat' : is not a member of 'glm::detail'
     1>c:\users\marcos\documents\github\realtime-rendering\realtime rendering\libraries\include\glm\fwd.hpp(59): warning C4091: 'typedef ' : ignored on left of 'int' when no variable is declared
     1>c:\users\marcos\documents\github\realtime-rendering\realtime rendering\libraries\include\glm\fwd.hpp(59): error C2143: syntax error : missing ';' before '<'
     1>c:\users\marcos\documents\github\realtime-rendering\realtime rendering\libraries\include\glm\fwd.hpp(59): error C2059: syntax error : '<'
     1>c:\users\marcos\documents\github\realtime-rendering\realtime rendering\libraries\include\glm\fwd.hpp(69): error C2146: syntax error : missing ';' before identifier 'quat'
     1>c:\users\marcos\documents\github\realtime-rendering\realtime rendering\libraries\include\glm\fwd.hpp(69): error C4430: missing type specifier - int assumed. Note: C++ does not support default-int
     1>c:\users\marcos\documents\github\realtime-rendering\realtime rendering\libraries\include\glm\fwd.hpp(75): error C2146: syntax error : missing ';' before identifier 'lowp_fquat'
     1>c:\users\marcos\documents\github\realtime-rendering\realtime rendering\libraries\include\glm\fwd.hpp(75): error C4430: missing type specifier - int assumed. Note: C++ does not support default-int
     1>c:\users\marcos\documents\github\realtime-rendering\realtime rendering\libraries\include\glm\fwd.hpp(80): error C2146: syntax error : missing ';' before identifier 'mediump_fquat'
     1>c:\users\marcos\documents\github\realtime-rendering\realtime rendering\libraries\include\glm\fwd.hpp(80): error C4430: missing type specifier - int assumed. Note: C++ does not support default-int
     1>c:\users\marcos\documents\github\realtime-rendering\realtime rendering\libraries\include\glm\fwd.hpp(90): error C2146: syntax error : missing ';' before identifier 'fquat'
     1>c:\users\marcos\documents\github\realtime-rendering\realtime rendering\libraries\include\glm\fwd.hpp(90): error C4430: missing type specifier - int assumed. Note: C++ does not support default-int
     1>c:\users\marcos\documents\github\realtime-rendering\realtime rendering\libraries\include\glm\fwd.hpp(90): error C2378: 'glm::quat' : redefinition; symbol cannot be overloaded with a typedef
                 c:\users\marcos\documents\github\realtime-rendering\realtime rendering\libraries\include\glm\fwd.hpp(69) : see declaration of 'glm::quat'
     1>c:\users\marcos\documents\github\realtime-rendering\realtime rendering\libraries\include\glm\fwd.hpp(96): error C2039: 'tquat' : is not a member of 'glm::detail'
     1>c:\users\marcos\documents\github\realtime-rendering\realtime rendering\libraries\include\glm\fwd.hpp(96): warning C4091: 'typedef ' : ignored on left of 'int' when no variable is declared
     1>c:\users\marcos\documents\github\realtime-rendering\realtime rendering\libraries\include\glm\fwd.hpp(96): error C2143: syntax error : missing ';' before '<'
     1>c:\users\marcos\documents\github\realtime-rendering\realtime rendering\libraries\include\glm\fwd.hpp(96): error C2059: syntax error : '<'
     1>c:\users\marcos\documents\github\realtime-rendering\realtime rendering\libraries\include\glm\fwd.hpp(101): error C2039: 'tquat' : is not a member of 'glm::detail'
     1>c:\users\marcos\documents\github\realtime-rendering\realtime rendering\libraries\include\glm\fwd.hpp(101): warning C4091: 'typedef ' : ignored on left of 'int' when no variable is declared
     1>c:\users\marcos\documents\github\realtime-rendering\realtime rendering\libraries\include\glm\fwd.hpp(101): error C2143: syntax error : missing ';' before '<'
     1>c:\users\marcos\documents\github\realtime-rendering\realtime rendering\libraries\include\glm\fwd.hpp(101): error C2059: syntax error : '<'
     1>c:\users\marcos\documents\github\realtime-rendering\realtime rendering\libraries\include\glm\fwd.hpp(106): error C2039: 'tquat' : is not a member of 'glm::detail'
     1>c:\users\marcos\documents\github\realtime-rendering\realtime rendering\libraries\include\glm\fwd.hpp(106): warning C4091: 'typedef ' : ignored on left of 'int' when no variable is declared
     1>c:\users\marcos\documents\github\realtime-rendering\realtime rendering\libraries\include\glm\fwd.hpp(106): error C2143: syntax error : missing ';' before '<'
     1>c:\users\marcos\documents\github\realtime-rendering\realtime rendering\libraries\include\glm\fwd.hpp(106): error C2059: syntax error : '<'
     1>c:\users\marcos\documents\github\realtime-rendering\realtime rendering\libraries\include\glm\fwd.hpp(118): error C2146: syntax error : missing ';' before identifier 'dquat'
     1>c:\users\marcos\documents\github\realtime-rendering\realtime rendering\libraries\include\glm\fwd.hpp(118): error C4430: missing type specifier - int assumed. Note: C++ does not support default-int
     1>c:\users\marcos\documents\github\realtime-rendering\realtime rendering\libraries\include\glm\fwd.hpp(2255): error C2039: 'tquat' : is not a member of 'glm::detail'
     1>c:\users\marcos\documents\github\realtime-rendering\realtime rendering\libraries\include\glm\fwd.hpp(2255): warning C4091: 'typedef ' : ignored on left of 'int' when no variable is declared
     1>c:\users\marcos\documents\github\realtime-rendering\realtime rendering\libraries\include\glm\fwd.hpp(2255): error C2143: syntax error : missing ';' before '<'
     1>c:\users\marcos\documents\github\realtime-rendering\realtime rendering\libraries\include\glm\fwd.hpp(2255): error C2059: syntax error : '<'
     1>c:\users\marcos\documents\github\realtime-rendering\realtime rendering\libraries\include\glm\fwd.hpp(2259): error C2039: 'tquat' : is not a member of 'glm::detail'
     1>c:\users\marcos\documents\github\realtime-rendering\realtime rendering\libraries\include\glm\fwd.hpp(2259): warning C4091: 'typedef ' : ignored on left of 'int' when no variable is declared
     1>c:\users\marcos\documents\github\realtime-rendering\realtime rendering\libraries\include\glm\fwd.hpp(2259): error C2143: syntax error : missing ';' before '<'
     1>c:\users\marcos\documents\github\realtime-rendering\realtime rendering\libraries\include\glm\fwd.hpp(2259): error C2059: syntax error : '<'
     1>c:\users\marcos\documents\github\realtime-rendering\realtime rendering\libraries\include\glm\fwd.hpp(2263): error C2039: 'tquat' : is not a member of 'glm::detail'
     1>c:\users\marcos\documents\github\realtime-rendering\realtime rendering\libraries\include\glm\fwd.hpp(2263): warning C4091: 'typedef ' : ignored on left of 'int' when no variable is declared
     1>c:\users\marcos\documents\github\realtime-rendering\realtime rendering\libraries\include\glm\fwd.hpp(2263): error C2143: syntax error : missing ';' before '<'
     1>c:\users\marcos\documents\github\realtime-rendering\realtime rendering\libraries\include\glm\fwd.hpp(2263): error C2059: syntax error : '<'
     1>c:\users\marcos\documents\github\realtime-rendering\realtime rendering\libraries\include\glm\fwd.hpp(2267): error C2039: 'tquat' : is not a member of 'glm::detail'
     1>c:\users\marcos\documents\github\realtime-rendering\realtime rendering\libraries\include\glm\fwd.hpp(2267): warning C4091: 'typedef ' : ignored on left of 'int' when no variable is declared
     1>c:\users\marcos\documents\github\realtime-rendering\realtime rendering\libraries\include\glm\fwd.hpp(2267): error C2143: syntax error : missing ';' before '<'
     1>c:\users\marcos\documents\github\realtime-rendering\realtime rendering\libraries\include\glm\fwd.hpp(2267): error C2059: syntax error : '<'
     1>c:\users\marcos\documents\github\realtime-rendering\realtime rendering\libraries\include\glm\fwd.hpp(2271): error C2039: 'tquat' : is not a member of 'glm::detail'
     1>c:\users\marcos\documents\github\realtime-rendering\realtime rendering\libraries\include\glm\fwd.hpp(2271): warning C4091: 'typedef ' : ignored on left of 'int' when no variable is declared
     1>c:\users\marcos\documents\github\realtime-rendering\realtime rendering\libraries\include\glm\fwd.hpp(2271): error C2143: syntax error : missing ';' before '<'
     1>c:\users\marcos\documents\github\realtime-rendering\realtime rendering\libraries\include\glm\fwd.hpp(2271): error C2059: syntax error : '<'
     1>c:\users\marcos\documents\github\realtime-rendering\realtime rendering\libraries\include\glm\fwd.hpp(2275): error C2039: 'tquat' : is not a member of 'glm::detail'
     1>c:\users\marcos\documents\github\realtime-rendering\realtime rendering\libraries\include\glm\fwd.hpp(2275): warning C4091: 'typedef ' : ignored on left of 'int' when no variable is declared
     1>c:\users\marcos\documents\github\realtime-rendering\realtime rendering\libraries\include\glm\fwd.hpp(2275): error C2143: syntax error : missing ';' before '<'
     1>c:\users\marcos\documents\github\realtime-rendering\realtime rendering\libraries\include\glm\fwd.hpp(2275): error C2059: syntax error : '<'
     1>c:\users\marcos\documents\github\realtime-rendering\realtime rendering\libraries\include\glm\fwd.hpp(2417): error C2378: 'glm::fquat' : redefinition; symbol cannot be overloaded with a typedef
                 c:\users\marcos\documents\github\realtime-rendering\realtime rendering\libraries\include\glm\fwd.hpp(90) : see declaration of 'glm::fquat'
     1>c:\users\marcos\documents\github\realtime-rendering\realtime rendering\libraries\include\glm\fwd.hpp(2487): error C2146: syntax error : missing ';' before identifier 'f32quat'
     1>c:\users\marcos\documents\github\realtime-rendering\realtime rendering\libraries\include\glm\fwd.hpp(2487): error C4430: missing type specifier - int assumed. Note: C++ does not support default-int
     1>c:\users\marcos\documents\github\realtime-rendering\realtime rendering\libraries\include\glm\fwd.hpp(2594): error C2146: syntax error : missing ';' before identifier 'f64quat'
     1>c:\users\marcos\documents\github\realtime-rendering\realtime rendering\libraries\include\glm\fwd.hpp(2594): error C4430: missing type specifier - int assumed. Note: C++ does not support default-int
     1>c:\users\marcos\documents\github\realtime-rendering\realtime rendering\common\controls.cpp(19): warning C4067: unexpected tokens following preprocessor directive - expected a newline
         text2D.cpp
     1>c:\users\marcos\documents\github\realtime-rendering\realtime rendering\libraries\include\glm\fwd.hpp(49): error C2039: 'tquat' : is not a member of 'glm::detail'
     1>c:\users\marcos\documents\github\realtime-rendering\realtime rendering\libraries\include\glm\fwd.hpp(49): error C2143: syntax error : missing ';' before '<'
     1>c:\users\marcos\documents\github\realtime-rendering\realtime rendering\libraries\include\glm\fwd.hpp(49): error C4430: missing type specifier - int assumed. Note: C++ does not support default-int
     1>c:\users\marcos\documents\github\realtime-rendering\realtime rendering\libraries\include\glm\fwd.hpp(54): error C2039: 'tquat' : is not a member of 'glm::detail'
     1>c:\users\marcos\documents\github\realtime-rendering\realtime rendering\libraries\include\glm\fwd.hpp(54): warning C4091: 'typedef ' : ignored on left of 'int' when no variable is declared
     1>c:\users\marcos\documents\github\realtime-rendering\realtime rendering\libraries\include\glm\fwd.hpp(54): error C2143: syntax error : missing ';' before '<'
     1>c:\users\marcos\documents\github\realtime-rendering\realtime rendering\libraries\include\glm\fwd.hpp(54): error C2059: syntax error : '<'
     1>c:\users\marcos\documents\github\realtime-rendering\realtime rendering\libraries\include\glm\fwd.hpp(59): error C2039: 'tquat' : is not a member of 'glm::detail'
     1>c:\users\marcos\documents\github\realtime-rendering\realtime rendering\libraries\include\glm\fwd.hpp(59): warning C4091: 'typedef ' : ignored on left of 'int' when no variable is declared
     1>c:\users\marcos\documents\github\realtime-rendering\realtime rendering\libraries\include\glm\fwd.hpp(59): error C2143: syntax error : missing ';' before '<'
     1>c:\users\marcos\documents\github\realtime-rendering\realtime rendering\libraries\include\glm\fwd.hpp(59): error C2059: syntax error : '<'
     1>c:\users\marcos\documents\github\realtime-rendering\realtime rendering\libraries\include\glm\fwd.hpp(69): error C2146: syntax error : missing ';' before identifier 'quat'
     1>c:\users\marcos\documents\github\realtime-rendering\realtime rendering\libraries\include\glm\fwd.hpp(69): error C4430: missing type specifier - int assumed. Note: C++ does not support default-int
     1>c:\users\marcos\documents\github\realtime-rendering\realtime rendering\libraries\include\glm\fwd.hpp(75): error C2146: syntax error : missing ';' before identifier 'lowp_fquat'
     1>c:\users\marcos\documents\github\realtime-rendering\realtime rendering\libraries\include\glm\fwd.hpp(75): error C4430: missing type specifier - int assumed. Note: C++ does not support default-int
     1>c:\users\marcos\documents\github\realtime-rendering\realtime rendering\libraries\include\glm\fwd.hpp(80): error C2146: syntax error : missing ';' before identifier 'mediump_fquat'
     1>c:\users\marcos\documents\github\realtime-rendering\realtime rendering\libraries\include\glm\fwd.hpp(80): error C4430: missing type specifier - int assumed. Note: C++ does not support default-int
     1>c:\users\marcos\documents\github\realtime-rendering\realtime rendering\libraries\include\glm\fwd.hpp(90): error C2146: syntax error : missing ';' before identifier 'fquat'
     1>c:\users\marcos\documents\github\realtime-rendering\realtime rendering\libraries\include\glm\fwd.hpp(90): error C4430: missing type specifier - int assumed. Note: C++ does not support default-int
     1>c:\users\marcos\documents\github\realtime-rendering\realtime rendering\libraries\include\glm\fwd.hpp(90): error C2378: 'glm::quat' : redefinition; symbol cannot be overloaded with a typedef
                 c:\users\marcos\documents\github\realtime-rendering\realtime rendering\libraries\include\glm\fwd.hpp(69) : see declaration of 'glm::quat'
     1>c:\users\marcos\documents\github\realtime-rendering\realtime rendering\libraries\include\glm\fwd.hpp(96): error C2039: 'tquat' : is not a member of 'glm::detail'
     1>c:\users\marcos\documents\github\realtime-rendering\realtime rendering\libraries\include\glm\fwd.hpp(96): warning C4091: 'typedef ' : ignored on left of 'int' when no variable is declared
     1>c:\users\marcos\documents\github\realtime-rendering\realtime rendering\libraries\include\glm\fwd.hpp(96): error C2143: syntax error : missing ';' before '<'
     1>c:\users\marcos\documents\github\realtime-rendering\realtime rendering\libraries\include\glm\fwd.hpp(96): error C2059: syntax error : '<'
     1>c:\users\marcos\documents\github\realtime-rendering\realtime rendering\libraries\include\glm\fwd.hpp(101): error C2039: 'tquat' : is not a member of 'glm::detail'
     1>c:\users\marcos\documents\github\realtime-rendering\realtime rendering\libraries\include\glm\fwd.hpp(101): warning C4091: 'typedef ' : ignored on left of 'int' when no variable is declared
     1>c:\users\marcos\documents\github\realtime-rendering\realtime rendering\libraries\include\glm\fwd.hpp(101): error C2143: syntax error : missing ';' before '<'
     1>c:\users\marcos\documents\github\realtime-rendering\realtime rendering\libraries\include\glm\fwd.hpp(101): error C2059: syntax error : '<'
     1>c:\users\marcos\documents\github\realtime-rendering\realtime rendering\libraries\include\glm\fwd.hpp(106): error C2039: 'tquat' : is not a member of 'glm::detail'
     1>c:\users\marcos\documents\github\realtime-rendering\realtime rendering\libraries\include\glm\fwd.hpp(106): warning C4091: 'typedef ' : ignored on left of 'int' when no variable is declared
     1>c:\users\marcos\documents\github\realtime-rendering\realtime rendering\libraries\include\glm\fwd.hpp(106): error C2143: syntax error : missing ';' before '<'
     1>c:\users\marcos\documents\github\realtime-rendering\realtime rendering\libraries\include\glm\fwd.hpp(106): error C2059: syntax error : '<'
     1>c:\users\marcos\documents\github\realtime-rendering\realtime rendering\libraries\include\glm\fwd.hpp(118): error C2146: syntax error : missing ';' before identifier 'dquat'
     1>c:\users\marcos\documents\github\realtime-rendering\realtime rendering\libraries\include\glm\fwd.hpp(118): error C4430: missing type specifier - int assumed. Note: C++ does not support default-int
     1>c:\users\marcos\documents\github\realtime-rendering\realtime rendering\libraries\include\glm\fwd.hpp(2255): error C2039: 'tquat' : is not a member of 'glm::detail'
     1>c:\users\marcos\documents\github\realtime-rendering\realtime rendering\libraries\include\glm\fwd.hpp(2255): warning C4091: 'typedef ' : ignored on left of 'int' when no variable is declared
     1>c:\users\marcos\documents\github\realtime-rendering\realtime rendering\libraries\include\glm\fwd.hpp(2255): error C2143: syntax error : missing ';' before '<'
     1>c:\users\marcos\documents\github\realtime-rendering\realtime rendering\libraries\include\glm\fwd.hpp(2255): error C2059: syntax error : '<'
     1>c:\users\marcos\documents\github\realtime-rendering\realtime rendering\libraries\include\glm\fwd.hpp(2259): error C2039: 'tquat' : is not a member of 'glm::detail'
     1>c:\users\marcos\documents\github\realtime-rendering\realtime rendering\libraries\include\glm\fwd.hpp(2259): warning C4091: 'typedef ' : ignored on left of 'int' when no variable is declared
     1>c:\users\marcos\documents\github\realtime-rendering\realtime rendering\libraries\include\glm\fwd.hpp(2259): error C2143: syntax error : missing ';' before '<'
     1>c:\users\marcos\documents\github\realtime-rendering\realtime rendering\libraries\include\glm\fwd.hpp(2259): error C2059: syntax error : '<'
     1>c:\users\marcos\documents\github\realtime-rendering\realtime rendering\libraries\include\glm\fwd.hpp(2263): error C2039: 'tquat' : is not a member of 'glm::detail'
     1>c:\users\marcos\documents\github\realtime-rendering\realtime rendering\libraries\include\glm\fwd.hpp(2263): warning C4091: 'typedef ' : ignored on left of 'int' when no variable is declared
     1>c:\users\marcos\documents\github\realtime-rendering\realtime rendering\libraries\include\glm\fwd.hpp(2263): error C2143: syntax error : missing ';' before '<'
     1>c:\users\marcos\documents\github\realtime-rendering\realtime rendering\libraries\include\glm\fwd.hpp(2263): error C2059: syntax error : '<'
     1>c:\users\marcos\documents\github\realtime-rendering\realtime rendering\libraries\include\glm\fwd.hpp(2267): error C2039: 'tquat' : is not a member of 'glm::detail'
     1>c:\users\marcos\documents\github\realtime-rendering\realtime rendering\libraries\include\glm\fwd.hpp(2267): warning C4091: 'typedef ' : ignored on left of 'int' when no variable is declared
     1>c:\users\marcos\documents\github\realtime-rendering\realtime rendering\libraries\include\glm\fwd.hpp(2267): error C2143: syntax error : missing ';' before '<'
     1>c:\users\marcos\documents\github\realtime-rendering\realtime rendering\libraries\include\glm\fwd.hpp(2267): error C2059: syntax error : '<'
     1>c:\users\marcos\documents\github\realtime-rendering\realtime rendering\libraries\include\glm\fwd.hpp(2271): error C2039: 'tquat' : is not a member of 'glm::detail'
     1>c:\users\marcos\documents\github\realtime-rendering\realtime rendering\libraries\include\glm\fwd.hpp(2271): warning C4091: 'typedef ' : ignored on left of 'int' when no variable is declared
     1>c:\users\marcos\documents\github\realtime-rendering\realtime rendering\libraries\include\glm\fwd.hpp(2271): error C2143: syntax error : missing ';' before '<'
     1>c:\users\marcos\documents\github\realtime-rendering\realtime rendering\libraries\include\glm\fwd.hpp(2271): error C2059: syntax error : '<'
     1>c:\users\marcos\documents\github\realtime-rendering\realtime rendering\libraries\include\glm\fwd.hpp(2275): error C2039: 'tquat' : is not a member of 'glm::detail'
     1>c:\users\marcos\documents\github\realtime-rendering\realtime rendering\libraries\include\glm\fwd.hpp(2275): warning C4091: 'typedef ' : ignored on left of 'int' when no variable is declared
     1>c:\users\marcos\documents\github\realtime-rendering\realtime rendering\libraries\include\glm\fwd.hpp(2275): error C2143: syntax error : missing ';' before '<'
     1>c:\users\marcos\documents\github\realtime-rendering\realtime rendering\libraries\include\glm\fwd.hpp(2275): error C2059: syntax error : '<'
     1>c:\users\marcos\documents\github\realtime-rendering\realtime rendering\libraries\include\glm\fwd.hpp(2417): error C2378: 'glm::fquat' : redefinition; symbol cannot be overloaded with a typedef
                 c:\users\marcos\documents\github\realtime-rendering\realtime rendering\libraries\include\glm\fwd.hpp(90) : see declaration of 'glm::fquat'
     1>c:\users\marcos\documents\github\realtime-rendering\realtime rendering\libraries\include\glm\fwd.hpp(2487): error C2146: syntax error : missing ';' before identifier 'f32quat'
     1>c:\users\marcos\documents\github\realtime-rendering\realtime rendering\libraries\include\glm\fwd.hpp(2487): error C4430: missing type specifier - int assumed. Note: C++ does not support default-int
     1>c:\users\marcos\documents\github\realtime-rendering\realtime rendering\libraries\include\glm\fwd.hpp(2594): error C2146: syntax error : missing ';' before identifier 'f64quat'
     1>c:\users\marcos\documents\github\realtime-rendering\realtime rendering\libraries\include\glm\fwd.hpp(2594): error C4430: missing type specifier - int assumed. Note: C++ does not support default-int
         DebugDisplay.cpp
     1>c:\users\marcos\documents\github\realtime-rendering\realtime rendering\libraries\include\glm\fwd.hpp(49): error C2039: 'tquat' : is not a member of 'glm::detail'
     1>c:\users\marcos\documents\github\realtime-rendering\realtime rendering\libraries\include\glm\fwd.hpp(49): error C2143: syntax error : missing ';' before '<'
     1>c:\users\marcos\documents\github\realtime-rendering\realtime rendering\libraries\include\glm\fwd.hpp(49): error C4430: missing type specifier - int assumed. Note: C++ does not support default-int
     1>c:\users\marcos\documents\github\realtime-rendering\realtime rendering\libraries\include\glm\fwd.hpp(54): error C2039: 'tquat' : is not a member of 'glm::detail'
     1>c:\users\marcos\documents\github\realtime-rendering\realtime rendering\libraries\include\glm\fwd.hpp(54): warning C4091: 'typedef ' : ignored on left of 'int' when no variable is declared
     1>c:\users\marcos\documents\github\realtime-rendering\realtime rendering\libraries\include\glm\fwd.hpp(54): error C2143: syntax error : missing ';' before '<'
     1>c:\users\marcos\documents\github\realtime-rendering\realtime rendering\libraries\include\glm\fwd.hpp(54): error C2059: syntax error : '<'
     1>c:\users\marcos\documents\github\realtime-rendering\realtime rendering\libraries\include\glm\fwd.hpp(59): error C2039: 'tquat' : is not a member of 'glm::detail'
     1>c:\users\marcos\documents\github\realtime-rendering\realtime rendering\libraries\include\glm\fwd.hpp(59): warning C4091: 'typedef ' : ignored on left of 'int' when no variable is declared
     1>c:\users\marcos\documents\github\realtime-rendering\realtime rendering\libraries\include\glm\fwd.hpp(59): error C2143: syntax error : missing ';' before '<'
     1>c:\users\marcos\documents\github\realtime-rendering\realtime rendering\libraries\include\glm\fwd.hpp(59): error C2059: syntax error : '<'
     1>c:\users\marcos\documents\github\realtime-rendering\realtime rendering\libraries\include\glm\fwd.hpp(69): error C2146: syntax error : missing ';' before identifier 'quat'
     1>c:\users\marcos\documents\github\realtime-rendering\realtime rendering\libraries\include\glm\fwd.hpp(69): error C4430: missing type specifier - int assumed. Note: C++ does not support default-int
     1>c:\users\marcos\documents\github\realtime-rendering\realtime rendering\libraries\include\glm\fwd.hpp(75): error C2146: syntax error : missing ';' before identifier 'lowp_fquat'
     1>c:\users\marcos\documents\github\realtime-rendering\realtime rendering\libraries\include\glm\fwd.hpp(75): error C4430: missing type specifier - int assumed. Note: C++ does not support default-int
     1>c:\users\marcos\documents\github\realtime-rendering\realtime rendering\libraries\include\glm\fwd.hpp(80): error C2146: syntax error : missing ';' before identifier 'mediump_fquat'
     1>c:\users\marcos\documents\github\realtime-rendering\realtime rendering\libraries\include\glm\fwd.hpp(80): error C4430: missing type specifier - int assumed. Note: C++ does not support default-int
     1>c:\users\marcos\documents\github\realtime-rendering\realtime rendering\libraries\include\glm\fwd.hpp(90): error C2146: syntax error : missing ';' before identifier 'fquat'
     1>c:\users\marcos\documents\github\realtime-rendering\realtime rendering\libraries\include\glm\fwd.hpp(90): error C4430: missing type specifier - int assumed. Note: C++ does not support default-int
     1>c:\users\marcos\documents\github\realtime-rendering\realtime rendering\libraries\include\glm\fwd.hpp(90): error C2378: 'glm::quat' : redefinition; symbol cannot be overloaded with a typedef
                 c:\users\marcos\documents\github\realtime-rendering\realtime rendering\libraries\include\glm\fwd.hpp(69) : see declaration of 'glm::quat'
     1>c:\users\marcos\documents\github\realtime-rendering\realtime rendering\libraries\include\glm\fwd.hpp(96): error C2039: 'tquat' : is not a member of 'glm::detail'
     1>c:\users\marcos\documents\github\realtime-rendering\realtime rendering\libraries\include\glm\fwd.hpp(96): warning C4091: 'typedef ' : ignored on left of 'int' when no variable is declared
     1>c:\users\marcos\documents\github\realtime-rendering\realtime rendering\libraries\include\glm\fwd.hpp(96): error C2143: syntax error : missing ';' before '<'
     1>c:\users\marcos\documents\github\realtime-rendering\realtime rendering\libraries\include\glm\fwd.hpp(96): error C2059: syntax error : '<'
     1>c:\users\marcos\documents\github\realtime-rendering\realtime rendering\libraries\include\glm\fwd.hpp(101): error C2039: 'tquat' : is not a member of 'glm::detail'
     1>c:\users\marcos\documents\github\realtime-rendering\realtime rendering\libraries\include\glm\fwd.hpp(101): warning C4091: 'typedef ' : ignored on left of 'int' when no variable is declared
     1>c:\users\marcos\documents\github\realtime-rendering\realtime rendering\libraries\include\glm\fwd.hpp(101): error C2143: syntax error : missing ';' before '<'
     1>c:\users\marcos\documents\github\realtime-rendering\realtime rendering\libraries\include\glm\fwd.hpp(101): error C2059: syntax error : '<'
     1>c:\users\marcos\documents\github\realtime-rendering\realtime rendering\libraries\include\glm\fwd.hpp(106): error C2039: 'tquat' : is not a member of 'glm::detail'
     1>c:\users\marcos\documents\github\realtime-rendering\realtime rendering\libraries\include\glm\fwd.hpp(106): warning C4091: 'typedef ' : ignored on left of 'int' when no variable is declared
     1>c:\users\marcos\documents\github\realtime-rendering\realtime rendering\libraries\include\glm\fwd.hpp(106): error C2143: syntax error : missing ';' before '<'
     1>c:\users\marcos\documents\github\realtime-rendering\realtime rendering\libraries\include\glm\fwd.hpp(106): error C2059: syntax error : '<'
     1>c:\users\marcos\documents\github\realtime-rendering\realtime rendering\libraries\include\glm\fwd.hpp(118): error C2146: syntax error : missing ';' before identifier 'dquat'
     1>c:\users\marcos\documents\github\realtime-rendering\realtime rendering\libraries\include\glm\fwd.hpp(118): error C4430: missing type specifier - int assumed. Note: C++ does not support default-int
     1>c:\users\marcos\documents\github\realtime-rendering\realtime rendering\libraries\include\glm\fwd.hpp(2255): error C2039: 'tquat' : is not a member of 'glm::detail'
     1>c:\users\marcos\documents\github\realtime-rendering\realtime rendering\libraries\include\glm\fwd.hpp(2255): warning C4091: 'typedef ' : ignored on left of 'int' when no variable is declared
     1>c:\users\marcos\documents\github\realtime-rendering\realtime rendering\libraries\include\glm\fwd.hpp(2255): error C2143: syntax error : missing ';' before '<'
     1>c:\users\marcos\documents\github\realtime-rendering\realtime rendering\libraries\include\glm\fwd.hpp(2255): error C2059: syntax error : '<'
     1>c:\users\marcos\documents\github\realtime-rendering\realtime rendering\libraries\include\glm\fwd.hpp(2259): error C2039: 'tquat' : is not a member of 'glm::detail'
     1>c:\users\marcos\documents\github\realtime-rendering\realtime rendering\libraries\include\glm\fwd.hpp(2259): warning C4091: 'typedef ' : ignored on left of 'int' when no variable is declared
     1>c:\users\marcos\documents\github\realtime-rendering\realtime rendering\libraries\include\glm\fwd.hpp(2259): error C2143: syntax error : missing ';' before '<'
     1>c:\users\marcos\documents\github\realtime-rendering\realtime rendering\libraries\include\glm\fwd.hpp(2259): error C2059: syntax error : '<'
     1>c:\users\marcos\documents\github\realtime-rendering\realtime rendering\libraries\include\glm\fwd.hpp(2263): error C2039: 'tquat' : is not a member of 'glm::detail'
     1>c:\users\marcos\documents\github\realtime-rendering\realtime rendering\libraries\include\glm\fwd.hpp(2263): warning C4091: 'typedef ' : ignored on left of 'int' when no variable is declared
     1>c:\users\marcos\documents\github\realtime-rendering\realtime rendering\libraries\include\glm\fwd.hpp(2263): error C2143: syntax error : missing ';' before '<'
     1>c:\users\marcos\documents\github\realtime-rendering\realtime rendering\libraries\include\glm\fwd.hpp(2263): error C2059: syntax error : '<'
     1>c:\users\marcos\documents\github\realtime-rendering\realtime rendering\libraries\include\glm\fwd.hpp(2267): error C2039: 'tquat' : is not a member of 'glm::detail'
     1>c:\users\marcos\documents\github\realtime-rendering\realtime rendering\libraries\include\glm\fwd.hpp(2267): warning C4091: 'typedef ' : ignored on left of 'int' when no variable is declared
     1>c:\users\marcos\documents\github\realtime-rendering\realtime rendering\libraries\include\glm\fwd.hpp(2267): error C2143: syntax error : missing ';' before '<'
     1>c:\users\marcos\documents\github\realtime-rendering\realtime rendering\libraries\include\glm\fwd.hpp(2267): error C2059: syntax error : '<'
     1>c:\users\marcos\documents\github\realtime-rendering\realtime rendering\libraries\include\glm\fwd.hpp(2271): error C2039: 'tquat' : is not a member of 'glm::detail'
     1>c:\users\marcos\documents\github\realtime-rendering\realtime rendering\libraries\include\glm\fwd.hpp(2271): warning C4091: 'typedef ' : ignored on left of 'int' when no variable is declared
     1>c:\users\marcos\documents\github\realtime-rendering\realtime rendering\libraries\include\glm\fwd.hpp(2271): error C2143: syntax error : missing ';' before '<'
     1>c:\users\marcos\documents\github\realtime-rendering\realtime rendering\libraries\include\glm\fwd.hpp(2271): error C2059: syntax error : '<'
     1>c:\users\marcos\documents\github\realtime-rendering\realtime rendering\libraries\include\glm\fwd.hpp(2275): error C2039: 'tquat' : is not a member of 'glm::detail'
     1>c:\users\marcos\documents\github\realtime-rendering\realtime rendering\libraries\include\glm\fwd.hpp(2275): warning C4091: 'typedef ' : ignored on left of 'int' when no variable is declared
     1>c:\users\marcos\documents\github\realtime-rendering\realtime rendering\libraries\include\glm\fwd.hpp(2275): error C2143: syntax error : missing ';' before '<'
     1>c:\users\marcos\documents\github\realtime-rendering\realtime rendering\libraries\include\glm\fwd.hpp(2275): error C2059: syntax error : '<'
     1>c:\users\marcos\documents\github\realtime-rendering\realtime rendering\libraries\include\glm\fwd.hpp(2417): error C2378: 'glm::fquat' : redefinition; symbol cannot be overloaded with a typedef
                 c:\users\marcos\documents\github\realtime-rendering\realtime rendering\libraries\include\glm\fwd.hpp(90) : see declaration of 'glm::fquat'
     1>c:\users\marcos\documents\github\realtime-rendering\realtime rendering\libraries\include\glm\fwd.hpp(2487): error C2146: syntax error : missing ';' before identifier 'f32quat'
     1>c:\users\marcos\documents\github\realtime-rendering\realtime rendering\libraries\include\glm\fwd.hpp(2487): error C4430: missing type specifier - int assumed. Note: C++ does not support default-int
     1>c:\users\marcos\documents\github\realtime-rendering\realtime rendering\libraries\include\glm\fwd.hpp(2594): error C2146: syntax error : missing ';' before identifier 'f64quat'
     1>c:\users\marcos\documents\github\realtime-rendering\realtime rendering\libraries\include\glm\fwd.hpp(2594): error C4430: missing type specifier - int assumed. Note: C++ does not support default-int
     1>c:\users\marcos\documents\github\realtime-rendering\realtime rendering\common\util\debugdisplay.cpp(35): warning C4244: 'argument' : conversion from 'float' to 'int', possible loss of data
         meshInstance.cpp
     1>c:\users\marcos\documents\github\realtime-rendering\realtime rendering\libraries\include\glm\fwd.hpp(49): error C2039: 'tquat' : is not a member of 'glm::detail'
     1>c:\users\marcos\documents\github\realtime-rendering\realtime rendering\libraries\include\glm\fwd.hpp(49): error C2143: syntax error : missing ';' before '<'
     1>c:\users\marcos\documents\github\realtime-rendering\realtime rendering\libraries\include\glm\fwd.hpp(49): error C4430: missing type specifier - int assumed. Note: C++ does not support default-int
     1>c:\users\marcos\documents\github\realtime-rendering\realtime rendering\libraries\include\glm\fwd.hpp(54): error C2039: 'tquat' : is not a member of 'glm::detail'
     1>c:\users\marcos\documents\github\realtime-rendering\realtime rendering\libraries\include\glm\fwd.hpp(54): warning C4091: 'typedef ' : ignored on left of 'int' when no variable is declared
     1>c:\users\marcos\documents\github\realtime-rendering\realtime rendering\libraries\include\glm\fwd.hpp(54): error C2143: syntax error : missing ';' before '<'
     1>c:\users\marcos\documents\github\realtime-rendering\realtime rendering\libraries\include\glm\fwd.hpp(54): error C2059: syntax error : '<'
     1>c:\users\marcos\documents\github\realtime-rendering\realtime rendering\libraries\include\glm\fwd.hpp(59): error C2039: 'tquat' : is not a member of 'glm::detail'
     1>c:\users\marcos\documents\github\realtime-rendering\realtime rendering\libraries\include\glm\fwd.hpp(59): warning C4091: 'typedef ' : ignored on left of 'int' when no variable is declared
     1>c:\users\marcos\documents\github\realtime-rendering\realtime rendering\libraries\include\glm\fwd.hpp(59): error C2143: syntax error : missing ';' before '<'
     1>c:\users\marcos\documents\github\realtime-rendering\realtime rendering\libraries\include\glm\fwd.hpp(59): error C2059: syntax error : '<'
     1>c:\users\marcos\documents\github\realtime-rendering\realtime rendering\libraries\include\glm\fwd.hpp(69): error C2146: syntax error : missing ';' before identifier 'quat'
     1>c:\users\marcos\documents\github\realtime-rendering\realtime rendering\libraries\include\glm\fwd.hpp(69): error C4430: missing type specifier - int assumed. Note: C++ does not support default-int
     1>c:\users\marcos\documents\github\realtime-rendering\realtime rendering\libraries\include\glm\fwd.hpp(75): error C2146: syntax error : missing ';' before identifier 'lowp_fquat'
     1>c:\users\marcos\documents\github\realtime-rendering\realtime rendering\libraries\include\glm\fwd.hpp(75): error C4430: missing type specifier - int assumed. Note: C++ does not support default-int
     1>c:\users\marcos\documents\github\realtime-rendering\realtime rendering\libraries\include\glm\fwd.hpp(80): error C2146: syntax error : missing ';' before identifier 'mediump_fquat'
     1>c:\users\marcos\documents\github\realtime-rendering\realtime rendering\libraries\include\glm\fwd.hpp(80): error C4430: missing type specifier - int assumed. Note: C++ does not support default-int
     1>c:\users\marcos\documents\github\realtime-rendering\realtime rendering\libraries\include\glm\fwd.hpp(90): error C2146: syntax error : missing ';' before identifier 'fquat'
     1>c:\users\marcos\documents\github\realtime-rendering\realtime rendering\libraries\include\glm\fwd.hpp(90): error C4430: missing type specifier - int assumed. Note: C++ does not support default-int
     1>c:\users\marcos\documents\github\realtime-rendering\realtime rendering\libraries\include\glm\fwd.hpp(90): error C2378: 'glm::quat' : redefinition; symbol cannot be overloaded with a typedef
                 c:\users\marcos\documents\github\realtime-rendering\realtime rendering\libraries\include\glm\fwd.hpp(69) : see declaration of 'glm::quat'
     1>c:\users\marcos\documents\github\realtime-rendering\realtime rendering\libraries\include\glm\fwd.hpp(96): error C2039: 'tquat' : is not a member of 'glm::detail'
     1>c:\users\marcos\documents\github\realtime-rendering\realtime rendering\libraries\include\glm\fwd.hpp(96): warning C4091: 'typedef ' : ignored on left of 'int' when no variable is declared
     1>c:\users\marcos\documents\github\realtime-rendering\realtime rendering\libraries\include\glm\fwd.hpp(96): error C2143: syntax error : missing ';' before '<'
     1>c:\users\marcos\documents\github\realtime-rendering\realtime rendering\libraries\include\glm\fwd.hpp(96): error C2059: syntax error : '<'
     1>c:\users\marcos\documents\github\realtime-rendering\realtime rendering\libraries\include\glm\fwd.hpp(101): error C2039: 'tquat' : is not a member of 'glm::detail'
     1>c:\users\marcos\documents\github\realtime-rendering\realtime rendering\libraries\include\glm\fwd.hpp(101): warning C4091: 'typedef ' : ignored on left of 'int' when no variable is declared
     1>c:\users\marcos\documents\github\realtime-rendering\realtime rendering\libraries\include\glm\fwd.hpp(101): error C2143: syntax error : missing ';' before '<'
     1>c:\users\marcos\documents\github\realtime-rendering\realtime rendering\libraries\include\glm\fwd.hpp(101): error C2059: syntax error : '<'
     1>c:\users\marcos\documents\github\realtime-rendering\realtime rendering\libraries\include\glm\fwd.hpp(106): error C2039: 'tquat' : is not a member of 'glm::detail'
     1>c:\users\marcos\documents\github\realtime-rendering\realtime rendering\libraries\include\glm\fwd.hpp(106): warning C4091: 'typedef ' : ignored on left of 'int' when no variable is declared
     1>c:\users\marcos\documents\github\realtime-rendering\realtime rendering\libraries\include\glm\fwd.hpp(106): error C2143: syntax error : missing ';' before '<'
     1>c:\users\marcos\documents\github\realtime-rendering\realtime rendering\libraries\include\glm\fwd.hpp(106): error C2059: syntax error : '<'
     1>c:\users\marcos\documents\github\realtime-rendering\realtime rendering\libraries\include\glm\fwd.hpp(118): error C2146: syntax error : missing ';' before identifier 'dquat'
     1>c:\users\marcos\documents\github\realtime-rendering\realtime rendering\libraries\include\glm\fwd.hpp(118): error C4430: missing type specifier - int assumed. Note: C++ does not support default-int
     1>c:\users\marcos\documents\github\realtime-rendering\realtime rendering\libraries\include\glm\fwd.hpp(2255): error C2039: 'tquat' : is not a member of 'glm::detail'
     1>c:\users\marcos\documents\github\realtime-rendering\realtime rendering\libraries\include\glm\fwd.hpp(2255): warning C4091: 'typedef ' : ignored on left of 'int' when no variable is declared
     1>c:\users\marcos\documents\github\realtime-rendering\realtime rendering\libraries\include\glm\fwd.hpp(2255): error C2143: syntax error : missing ';' before '<'
     1>c:\users\marcos\documents\github\realtime-rendering\realtime rendering\libraries\include\glm\fwd.hpp(2255): error C2059: syntax error : '<'
     1>c:\users\marcos\documents\github\realtime-rendering\realtime rendering\libraries\include\glm\fwd.hpp(2259): error C2039: 'tquat' : is not a member of 'glm::detail'
     1>c:\users\marcos\documents\github\realtime-rendering\realtime rendering\libraries\include\glm\fwd.hpp(2259): warning C4091: 'typedef ' : ignored on left of 'int' when no variable is declared
     1>c:\users\marcos\documents\github\realtime-rendering\realtime rendering\libraries\include\glm\fwd.hpp(2259): error C2143: syntax error : missing ';' before '<'
     1>c:\users\marcos\documents\github\realtime-rendering\realtime rendering\libraries\include\glm\fwd.hpp(2259): error C2059: syntax error : '<'
     1>c:\users\marcos\documents\github\realtime-rendering\realtime rendering\libraries\include\glm\fwd.hpp(2263): error C2039: 'tquat' : is not a member of 'glm::detail'
     1>c:\users\marcos\documents\github\realtime-rendering\realtime rendering\libraries\include\glm\fwd.hpp(2263): warning C4091: 'typedef ' : ignored on left of 'int' when no variable is declared
     1>c:\users\marcos\documents\github\realtime-rendering\realtime rendering\libraries\include\glm\fwd.hpp(2263): error C2143: syntax error : missing ';' before '<'
     1>c:\users\marcos\documents\github\realtime-rendering\realtime rendering\libraries\include\glm\fwd.hpp(2263): error C2059: syntax error : '<'
     1>c:\users\marcos\documents\github\realtime-rendering\realtime rendering\libraries\include\glm\fwd.hpp(2267): error C2039: 'tquat' : is not a member of 'glm::detail'
     1>c:\users\marcos\documents\github\realtime-rendering\realtime rendering\libraries\include\glm\fwd.hpp(2267): warning C4091: 'typedef ' : ignored on left of 'int' when no variable is declared
     1>c:\users\marcos\documents\github\realtime-rendering\realtime rendering\libraries\include\glm\fwd.hpp(2267): error C2143: syntax error : missing ';' before '<'
     1>c:\users\marcos\documents\github\realtime-rendering\realtime rendering\libraries\include\glm\fwd.hpp(2267): error C2059: syntax error : '<'
     1>c:\users\marcos\documents\github\realtime-rendering\realtime rendering\libraries\include\glm\fwd.hpp(2271): error C2039: 'tquat' : is not a member of 'glm::detail'
     1>c:\users\marcos\documents\github\realtime-rendering\realtime rendering\libraries\include\glm\fwd.hpp(2271): warning C4091: 'typedef ' : ignored on left of 'int' when no variable is declared
     1>c:\users\marcos\documents\github\realtime-rendering\realtime rendering\libraries\include\glm\fwd.hpp(2271): error C2143: syntax error : missing ';' before '<'
     1>c:\users\marcos\documents\github\realtime-rendering\realtime rendering\libraries\include\glm\fwd.hpp(2271): error C2059: syntax error : '<'
     1>c:\users\marcos\documents\github\realtime-rendering\realtime rendering\libraries\include\glm\fwd.hpp(2275): error C2039: 'tquat' : is not a member of 'glm::detail'
     1>c:\users\marcos\documents\github\realtime-rendering\realtime rendering\libraries\include\glm\fwd.hpp(2275): warning C4091: 'typedef ' : ignored on left of 'int' when no variable is declared
     1>c:\users\marcos\documents\github\realtime-rendering\realtime rendering\libraries\include\glm\fwd.hpp(2275): error C2143: syntax error : missing ';' before '<'
     1>c:\users\marcos\documents\github\realtime-rendering\realtime rendering\libraries\include\glm\fwd.hpp(2275): error C2059: syntax error : '<'
     1>c:\users\marcos\documents\github\realtime-rendering\realtime rendering\libraries\include\glm\fwd.hpp(2417): error C2378: 'glm::fquat' : redefinition; symbol cannot be overloaded with a typedef
                 c:\users\marcos\documents\github\realtime-rendering\realtime rendering\libraries\include\glm\fwd.hpp(90) : see declaration of 'glm::fquat'
     1>c:\users\marcos\documents\github\realtime-rendering\realtime rendering\libraries\include\glm\fwd.hpp(2487): error C2146: syntax error : missing ';' before identifier 'f32quat'
     1>c:\users\marcos\documents\github\realtime-rendering\realtime rendering\libraries\include\glm\fwd.hpp(2487): error C4430: missing type specifier - int assumed. Note: C++ does not support default-int
     1>c:\users\marcos\documents\github\realtime-rendering\realtime rendering\libraries\include\glm\fwd.hpp(2594): error C2146: syntax error : missing ';' before identifier 'f64quat'
     1>c:\users\marcos\documents\github\realtime-rendering\realtime rendering\libraries\include\glm\fwd.hpp(2594): error C4430: missing type specifier - int assumed. Note: C++ does not support default-int
         mesh.cpp
     1>c:\users\marcos\documents\github\realtime-rendering\realtime rendering\libraries\include\glm\fwd.hpp(49): error C2039: 'tquat' : is not a member of 'glm::detail'
     1>c:\users\marcos\documents\github\realtime-rendering\realtime rendering\libraries\include\glm\fwd.hpp(49): error C2143: syntax error : missing ';' before '<'
     1>c:\users\marcos\documents\github\realtime-rendering\realtime rendering\libraries\include\glm\fwd.hpp(49): error C4430: missing type specifier - int assumed. Note: C++ does not support default-int
     1>c:\users\marcos\documents\github\realtime-rendering\realtime rendering\libraries\include\glm\fwd.hpp(54): error C2039: 'tquat' : is not a member of 'glm::detail'
     1>c:\users\marcos\documents\github\realtime-rendering\realtime rendering\libraries\include\glm\fwd.hpp(54): warning C4091: 'typedef ' : ignored on left of 'int' when no variable is declared
     1>c:\users\marcos\documents\github\realtime-rendering\realtime rendering\libraries\include\glm\fwd.hpp(54): error C2143: syntax error : missing ';' before '<'
     1>c:\users\marcos\documents\github\realtime-rendering\realtime rendering\libraries\include\glm\fwd.hpp(54): error C2059: syntax error : '<'
     1>c:\users\marcos\documents\github\realtime-rendering\realtime rendering\libraries\include\glm\fwd.hpp(59): error C2039: 'tquat' : is not a member of 'glm::detail'
     1>c:\users\marcos\documents\github\realtime-rendering\realtime rendering\libraries\include\glm\fwd.hpp(59): warning C4091: 'typedef ' : ignored on left of 'int' when no variable is declared
     1>c:\users\marcos\documents\github\realtime-rendering\realtime rendering\libraries\include\glm\fwd.hpp(59): error C2143: syntax error : missing ';' before '<'
     1>c:\users\marcos\documents\github\realtime-rendering\realtime rendering\libraries\include\glm\fwd.hpp(59): error C2059: syntax error : '<'
     1>c:\users\marcos\documents\github\realtime-rendering\realtime rendering\libraries\include\glm\fwd.hpp(69): error C2146: syntax error : missing ';' before identifier 'quat'
     1>c:\users\marcos\documents\github\realtime-rendering\realtime rendering\libraries\include\glm\fwd.hpp(69): error C4430: missing type specifier - int assumed. Note: C++ does not support default-int
     1>c:\users\marcos\documents\github\realtime-rendering\realtime rendering\libraries\include\glm\fwd.hpp(75): error C2146: syntax error : missing ';' before identifier 'lowp_fquat'
     1>c:\users\marcos\documents\github\realtime-rendering\realtime rendering\libraries\include\glm\fwd.hpp(75): error C4430: missing type specifier - int assumed. Note: C++ does not support default-int
     1>c:\users\marcos\documents\github\realtime-rendering\realtime rendering\libraries\include\glm\fwd.hpp(80): error C2146: syntax error : missing ';' before identifier 'mediump_fquat'
     1>c:\users\marcos\documents\github\realtime-rendering\realtime rendering\libraries\include\glm\fwd.hpp(80): error C4430: missing type specifier - int assumed. Note: C++ does not support default-int
     1>c:\users\marcos\documents\github\realtime-rendering\realtime rendering\libraries\include\glm\fwd.hpp(90): error C2146: syntax error : missing ';' before identifier 'fquat'
     1>c:\users\marcos\documents\github\realtime-rendering\realtime rendering\libraries\include\glm\fwd.hpp(90): error C4430: missing type specifier - int assumed. Note: C++ does not support default-int
     1>c:\users\marcos\documents\github\realtime-rendering\realtime rendering\libraries\include\glm\fwd.hpp(90): error C2378: 'glm::quat' : redefinition; symbol cannot be overloaded with a typedef
                 c:\users\marcos\documents\github\realtime-rendering\realtime rendering\libraries\include\glm\fwd.hpp(69) : see declaration of 'glm::quat'
     1>c:\users\marcos\documents\github\realtime-rendering\realtime rendering\libraries\include\glm\fwd.hpp(96): error C2039: 'tquat' : is not a member of 'glm::detail'
     1>c:\users\marcos\documents\github\realtime-rendering\realtime rendering\libraries\include\glm\fwd.hpp(96): warning C4091: 'typedef ' : ignored on left of 'int' when no variable is declared
     1>c:\users\marcos\documents\github\realtime-rendering\realtime rendering\libraries\include\glm\fwd.hpp(96): error C2143: syntax error : missing ';' before '<'
     1>c:\users\marcos\documents\github\realtime-rendering\realtime rendering\libraries\include\glm\fwd.hpp(96): error C2059: syntax error : '<'
     1>c:\users\marcos\documents\github\realtime-rendering\realtime rendering\libraries\include\glm\fwd.hpp(101): error C2039: 'tquat' : is not a member of 'glm::detail'
     1>c:\users\marcos\documents\github\realtime-rendering\realtime rendering\libraries\include\glm\fwd.hpp(101): warning C4091: 'typedef ' : ignored on left of 'int' when no variable is declared
     1>c:\users\marcos\documents\github\realtime-rendering\realtime rendering\libraries\include\glm\fwd.hpp(101): error C2143: syntax error : missing ';' before '<'
     1>c:\users\marcos\documents\github\realtime-rendering\realtime rendering\libraries\include\glm\fwd.hpp(101): error C2059: syntax error : '<'
     1>c:\users\marcos\documents\github\realtime-rendering\realtime rendering\libraries\include\glm\fwd.hpp(106): error C2039: 'tquat' : is not a member of 'glm::detail'
     1>c:\users\marcos\documents\github\realtime-rendering\realtime rendering\libraries\include\glm\fwd.hpp(106): warning C4091: 'typedef ' : ignored on left of 'int' when no variable is declared
     1>c:\users\marcos\documents\github\realtime-rendering\realtime rendering\libraries\include\glm\fwd.hpp(106): error C2143: syntax error : missing ';' before '<'
     1>c:\users\marcos\documents\github\realtime-rendering\realtime rendering\libraries\include\glm\fwd.hpp(106): error C2059: syntax error : '<'
     1>c:\users\marcos\documents\github\realtime-rendering\realtime rendering\libraries\include\glm\fwd.hpp(118): error C2146: syntax error : missing ';' before identifier 'dquat'
     1>c:\users\marcos\documents\github\realtime-rendering\realtime rendering\libraries\include\glm\fwd.hpp(118): error C4430: missing type specifier - int assumed. Note: C++ does not support default-int
     1>c:\users\marcos\documents\github\realtime-rendering\realtime rendering\libraries\include\glm\fwd.hpp(2255): error C2039: 'tquat' : is not a member of 'glm::detail'
     1>c:\users\marcos\documents\github\realtime-rendering\realtime rendering\libraries\include\glm\fwd.hpp(2255): warning C4091: 'typedef ' : ignored on left of 'int' when no variable is declared
     1>c:\users\marcos\documents\github\realtime-rendering\realtime rendering\libraries\include\glm\fwd.hpp(2255): error C2143: syntax error : missing ';' before '<'
     1>c:\users\marcos\documents\github\realtime-rendering\realtime rendering\libraries\include\glm\fwd.hpp(2255): error C2059: syntax error : '<'
     1>c:\users\marcos\documents\github\realtime-rendering\realtime rendering\libraries\include\glm\fwd.hpp(2259): error C2039: 'tquat' : is not a member of 'glm::detail'
     1>c:\users\marcos\documents\github\realtime-rendering\realtime rendering\libraries\include\glm\fwd.hpp(2259): warning C4091: 'typedef ' : ignored on left of 'int' when no variable is declared
     1>c:\users\marcos\documents\github\realtime-rendering\realtime rendering\libraries\include\glm\fwd.hpp(2259): error C2143: syntax error : missing ';' before '<'
     1>c:\users\marcos\documents\github\realtime-rendering\realtime rendering\libraries\include\glm\fwd.hpp(2259): error C2059: syntax error : '<'
     1>c:\users\marcos\documents\github\realtime-rendering\realtime rendering\libraries\include\glm\fwd.hpp(2263): error C2039: 'tquat' : is not a member of 'glm::detail'
     1>c:\users\marcos\documents\github\realtime-rendering\realtime rendering\libraries\include\glm\fwd.hpp(2263): warning C4091: 'typedef ' : ignored on left of 'int' when no variable is declared
     1>c:\users\marcos\documents\github\realtime-rendering\realtime rendering\libraries\include\glm\fwd.hpp(2263): error C2143: syntax error : missing ';' before '<'
     1>c:\users\marcos\documents\github\realtime-rendering\realtime rendering\libraries\include\glm\fwd.hpp(2263): error C2059: syntax error : '<'
     1>c:\users\marcos\documents\github\realtime-rendering\realtime rendering\libraries\include\glm\fwd.hpp(2267): error C2039: 'tquat' : is not a member of 'glm::detail'
     1>c:\users\marcos\documents\github\realtime-rendering\realtime rendering\libraries\include\glm\fwd.hpp(2267): warning C4091: 'typedef ' : ignored on left of 'int' when no variable is declared
     1>c:\users\marcos\documents\github\realtime-rendering\realtime rendering\libraries\include\glm\fwd.hpp(2267): error C2143: syntax error : missing ';' before '<'
     1>c:\users\marcos\documents\github\realtime-rendering\realtime rendering\libraries\include\glm\fwd.hpp(2267): error C2059: syntax error : '<'
     1>c:\users\marcos\documents\github\realtime-rendering\realtime rendering\libraries\include\glm\fwd.hpp(2271): error C2039: 'tquat' : is not a member of 'glm::detail'
     1>c:\users\marcos\documents\github\realtime-rendering\realtime rendering\libraries\include\glm\fwd.hpp(2271): warning C4091: 'typedef ' : ignored on left of 'int' when no variable is declared
     1>c:\users\marcos\documents\github\realtime-rendering\realtime rendering\libraries\include\glm\fwd.hpp(2271): error C2143: syntax error : missing ';' before '<'
     1>c:\users\marcos\documents\github\realtime-rendering\realtime rendering\libraries\include\glm\fwd.hpp(2271): error C2059: syntax error : '<'
     1>c:\users\marcos\documents\github\realtime-rendering\realtime rendering\libraries\include\glm\fwd.hpp(2275): error C2039: 'tquat' : is not a member of 'glm::detail'
     1>c:\users\marcos\documents\github\realtime-rendering\realtime rendering\libraries\include\glm\fwd.hpp(2275): warning C4091: 'typedef ' : ignored on left of 'int' when no variable is declared
     1>c:\users\marcos\documents\github\realtime-rendering\realtime rendering\libraries\include\glm\fwd.hpp(2275): error C2143: syntax error : missing ';' before '<'
     1>c:\users\marcos\documents\github\realtime-rendering\realtime rendering\libraries\include\glm\fwd.hpp(2275): error C2059: syntax error : '<'
     1>c:\users\marcos\documents\github\realtime-rendering\realtime rendering\libraries\include\glm\fwd.hpp(2417): error C2378: 'glm::fquat' : redefinition; symbol cannot be overloaded with a typedef
                 c:\users\marcos\documents\github\realtime-rendering\realtime rendering\libraries\include\glm\fwd.hpp(90) : see declaration of 'glm::fquat'
     1>c:\users\marcos\documents\github\realtime-rendering\realtime rendering\libraries\include\glm\fwd.hpp(2487): error C2146: syntax error : missing ';' before identifier 'f32quat'
     1>c:\users\marcos\documents\github\realtime-rendering\realtime rendering\libraries\include\glm\fwd.hpp(2487): error C4430: missing type specifier - int assumed. Note: C++ does not support default-int
     1>c:\users\marcos\documents\github\realtime-rendering\realtime rendering\libraries\include\glm\fwd.hpp(2594): error C2146: syntax error : missing ';' before identifier 'f64quat'
     1>c:\users\marcos\documents\github\realtime-rendering\realtime rendering\libraries\include\glm\fwd.hpp(2594): error C4430: missing type specifier - int assumed. Note: C++ does not support default-int
         GridMesh.cpp
     1>c:\users\marcos\documents\github\realtime-rendering\realtime rendering\libraries\include\glm\fwd.hpp(49): error C2039: 'tquat' : is not a member of 'glm::detail'
     1>c:\users\marcos\documents\github\realtime-rendering\realtime rendering\libraries\include\glm\fwd.hpp(49): error C2143: syntax error : missing ';' before '<'
     1>c:\users\marcos\documents\github\realtime-rendering\realtime rendering\libraries\include\glm\fwd.hpp(49): error C4430: missing type specifier - int assumed. Note: C++ does not support default-int
     1>c:\users\marcos\documents\github\realtime-rendering\realtime rendering\libraries\include\glm\fwd.hpp(54): error C2039: 'tquat' : is not a member of 'glm::detail'
     1>c:\users\marcos\documents\github\realtime-rendering\realtime rendering\libraries\include\glm\fwd.hpp(54): warning C4091: 'typedef ' : ignored on left of 'int' when no variable is declared
     1>c:\users\marcos\documents\github\realtime-rendering\realtime rendering\libraries\include\glm\fwd.hpp(54): error C2143: syntax error : missing ';' before '<'
     1>c:\users\marcos\documents\github\realtime-rendering\realtime rendering\libraries\include\glm\fwd.hpp(54): error C2059: syntax error : '<'
     1>c:\users\marcos\documents\github\realtime-rendering\realtime rendering\libraries\include\glm\fwd.hpp(59): error C2039: 'tquat' : is not a member of 'glm::detail'
     1>c:\users\marcos\documents\github\realtime-rendering\realtime rendering\libraries\include\glm\fwd.hpp(59): warning C4091: 'typedef ' : ignored on left of 'int' when no variable is declared
     1>c:\users\marcos\documents\github\realtime-rendering\realtime rendering\libraries\include\glm\fwd.hpp(59): error C2143: syntax error : missing ';' before '<'
     1>c:\users\marcos\documents\github\realtime-rendering\realtime rendering\libraries\include\glm\fwd.hpp(59): error C2059: syntax error : '<'
     1>c:\users\marcos\documents\github\realtime-rendering\realtime rendering\libraries\include\glm\fwd.hpp(69): error C2146: syntax error : missing ';' before identifier 'quat'
     1>c:\users\marcos\documents\github\realtime-rendering\realtime rendering\libraries\include\glm\fwd.hpp(69): error C4430: missing type specifier - int assumed. Note: C++ does not support default-int
     1>c:\users\marcos\documents\github\realtime-rendering\realtime rendering\libraries\include\glm\fwd.hpp(75): error C2146: syntax error : missing ';' before identifier 'lowp_fquat'
     1>c:\users\marcos\documents\github\realtime-rendering\realtime rendering\libraries\include\glm\fwd.hpp(75): error C4430: missing type specifier - int assumed. Note: C++ does not support default-int
     1>c:\users\marcos\documents\github\realtime-rendering\realtime rendering\libraries\include\glm\fwd.hpp(80): error C2146: syntax error : missing ';' before identifier 'mediump_fquat'
     1>c:\users\marcos\documents\github\realtime-rendering\realtime rendering\libraries\include\glm\fwd.hpp(80): error C4430: missing type specifier - int assumed. Note: C++ does not support default-int
     1>c:\users\marcos\documents\github\realtime-rendering\realtime rendering\libraries\include\glm\fwd.hpp(90): error C2146: syntax error : missing ';' before identifier 'fquat'
     1>c:\users\marcos\documents\github\realtime-rendering\realtime rendering\libraries\include\glm\fwd.hpp(90): error C4430: missing type specifier - int assumed. Note: C++ does not support default-int
     1>c:\users\marcos\documents\github\realtime-rendering\realtime rendering\libraries\include\glm\fwd.hpp(90): error C2378: 'glm::quat' : redefinition; symbol cannot be overloaded with a typedef
                 c:\users\marcos\documents\github\realtime-rendering\realtime rendering\libraries\include\glm\fwd.hpp(69) : see declaration of 'glm::quat'
     1>c:\users\marcos\documents\github\realtime-rendering\realtime rendering\libraries\include\glm\fwd.hpp(96): error C2039: 'tquat' : is not a member of 'glm::detail'
     1>c:\users\marcos\documents\github\realtime-rendering\realtime rendering\libraries\include\glm\fwd.hpp(96): warning C4091: 'typedef ' : ignored on left of 'int' when no variable is declared
     1>c:\users\marcos\documents\github\realtime-rendering\realtime rendering\libraries\include\glm\fwd.hpp(96): error C2143: syntax error : missing ';' before '<'
     1>c:\users\marcos\documents\github\realtime-rendering\realtime rendering\libraries\include\glm\fwd.hpp(96): error C2059: syntax error : '<'
     1>c:\users\marcos\documents\github\realtime-rendering\realtime rendering\libraries\include\glm\fwd.hpp(101): error C2039: 'tquat' : is not a member of 'glm::detail'
     1>c:\users\marcos\documents\github\realtime-rendering\realtime rendering\libraries\include\glm\fwd.hpp(101): warning C4091: 'typedef ' : ignored on left of 'int' when no variable is declared
     1>c:\users\marcos\documents\github\realtime-rendering\realtime rendering\libraries\include\glm\fwd.hpp(101): error C2143: syntax error : missing ';' before '<'
     1>c:\users\marcos\documents\github\realtime-rendering\realtime rendering\libraries\include\glm\fwd.hpp(101): error C2059: syntax error : '<'
     1>c:\users\marcos\documents\github\realtime-rendering\realtime rendering\libraries\include\glm\fwd.hpp(106): error C2039: 'tquat' : is not a member of 'glm::detail'
     1>c:\users\marcos\documents\github\realtime-rendering\realtime rendering\libraries\include\glm\fwd.hpp(106): warning C4091: 'typedef ' : ignored on left of 'int' when no variable is declared
     1>c:\users\marcos\documents\github\realtime-rendering\realtime rendering\libraries\include\glm\fwd.hpp(106): error C2143: syntax error : missing ';' before '<'
     1>c:\users\marcos\documents\github\realtime-rendering\realtime rendering\libraries\include\glm\fwd.hpp(106): error C2059: syntax error : '<'
     1>c:\users\marcos\documents\github\realtime-rendering\realtime rendering\libraries\include\glm\fwd.hpp(118): error C2146: syntax error : missing ';' before identifier 'dquat'
     1>c:\users\marcos\documents\github\realtime-rendering\realtime rendering\libraries\include\glm\fwd.hpp(118): error C4430: missing type specifier - int assumed. Note: C++ does not support default-int
     1>c:\users\marcos\documents\github\realtime-rendering\realtime rendering\libraries\include\glm\fwd.hpp(2255): error C2039: 'tquat' : is not a member of 'glm::detail'
     1>c:\users\marcos\documents\github\realtime-rendering\realtime rendering\libraries\include\glm\fwd.hpp(2255): warning C4091: 'typedef ' : ignored on left of 'int' when no variable is declared
     1>c:\users\marcos\documents\github\realtime-rendering\realtime rendering\libraries\include\glm\fwd.hpp(2255): error C2143: syntax error : missing ';' before '<'
     1>c:\users\marcos\documents\github\realtime-rendering\realtime rendering\libraries\include\glm\fwd.hpp(2255): error C2059: syntax error : '<'
     1>c:\users\marcos\documents\github\realtime-rendering\realtime rendering\libraries\include\glm\fwd.hpp(2259): error C2039: 'tquat' : is not a member of 'glm::detail'
     1>c:\users\marcos\documents\github\realtime-rendering\realtime rendering\libraries\include\glm\fwd.hpp(2259): warning C4091: 'typedef ' : ignored on left of 'int' when no variable is declared
     1>c:\users\marcos\documents\github\realtime-rendering\realtime rendering\libraries\include\glm\fwd.hpp(2259): error C2143: syntax error : missing ';' before '<'
     1>c:\users\marcos\documents\github\realtime-rendering\realtime rendering\libraries\include\glm\fwd.hpp(2259): error C2059: syntax error : '<'
     1>c:\users\marcos\documents\github\realtime-rendering\realtime rendering\libraries\include\glm\fwd.hpp(2263): error C2039: 'tquat' : is not a member of 'glm::detail'
     1>c:\users\marcos\documents\github\realtime-rendering\realtime rendering\libraries\include\glm\fwd.hpp(2263): warning C4091: 'typedef ' : ignored on left of 'int' when no variable is declared
     1>c:\users\marcos\documents\github\realtime-rendering\realtime rendering\libraries\include\glm\fwd.hpp(2263): error C2143: syntax error : missing ';' before '<'
     1>c:\users\marcos\documents\github\realtime-rendering\realtime rendering\libraries\include\glm\fwd.hpp(2263): error C2059: syntax error : '<'
     1>c:\users\marcos\documents\github\realtime-rendering\realtime rendering\libraries\include\glm\fwd.hpp(2267): error C2039: 'tquat' : is not a member of 'glm::detail'
     1>c:\users\marcos\documents\github\realtime-rendering\realtime rendering\libraries\include\glm\fwd.hpp(2267): warning C4091: 'typedef ' : ignored on left of 'int' when no variable is declared
     1>c:\users\marcos\documents\github\realtime-rendering\realtime rendering\libraries\include\glm\fwd.hpp(2267): error C2143: syntax error : missing ';' before '<'
     1>c:\users\marcos\documents\github\realtime-rendering\realtime rendering\libraries\include\glm\fwd.hpp(2267): error C2059: syntax error : '<'
     1>c:\users\marcos\documents\github\realtime-rendering\realtime rendering\libraries\include\glm\fwd.hpp(2271): error C2039: 'tquat' : is not a member of 'glm::detail'
     1>c:\users\marcos\documents\github\realtime-rendering\realtime rendering\libraries\include\glm\fwd.hpp(2271): warning C4091: 'typedef ' : ignored on left of 'int' when no variable is declared
     1>c:\users\marcos\documents\github\realtime-rendering\realtime rendering\libraries\include\glm\fwd.hpp(2271): error C2143: syntax error : missing ';' before '<'
     1>c:\users\marcos\documents\github\realtime-rendering\realtime rendering\libraries\include\glm\fwd.hpp(2271): error C2059: syntax error : '<'
     1>c:\users\marcos\documents\github\realtime-rendering\realtime rendering\libraries\include\glm\fwd.hpp(2275): error C2039: 'tquat' : is not a member of 'glm::detail'
     1>c:\users\marcos\documents\github\realtime-rendering\realtime rendering\libraries\include\glm\fwd.hpp(2275): warning C4091: 'typedef ' : ignored on left of 'int' when no variable is declared
     1>c:\users\marcos\documents\github\realtime-rendering\realtime rendering\libraries\include\glm\fwd.hpp(2275): error C2143: syntax error : missing ';' before '<'
     1>c:\users\marcos\documents\github\realtime-rendering\realtime rendering\libraries\include\glm\fwd.hpp(2275): error C2059: syntax error : '<'
     1>c:\users\marcos\documents\github\realtime-rendering\realtime rendering\libraries\include\glm\fwd.hpp(2417): error C2378: 'glm::fquat' : redefinition; symbol cannot be overloaded with a typedef
                 c:\users\marcos\documents\github\realtime-rendering\realtime rendering\libraries\include\glm\fwd.hpp(90) : see declaration of 'glm::fquat'
     1>c:\users\marcos\documents\github\realtime-rendering\realtime rendering\libraries\include\glm\fwd.hpp(2487): error C2146: syntax error : missing ';' before identifier 'f32quat'
     1>c:\users\marcos\documents\github\realtime-rendering\realtime rendering\libraries\include\glm\fwd.hpp(2487): error C4430: missing type specifier - int assumed. Note: C++ does not support default-int
     1>c:\users\marcos\documents\github\realtime-rendering\realtime rendering\libraries\include\glm\fwd.hpp(2594): error C2146: syntax error : missing ';' before identifier 'f64quat'
     1>c:\users\marcos\documents\github\realtime-rendering\realtime rendering\libraries\include\glm\fwd.hpp(2594): error C4430: missing type specifier - int assumed. Note: C++ does not support default-int
     1>c:\users\marcos\documents\github\realtime-rendering\realtime rendering\libraries\include\noise\noiseutils.h(1217): warning C4244: 'initializing' : conversion from 'const double' to 'float', possible loss of data
     1>c:\users\marcos\documents\github\realtime-rendering\realtime rendering\common\graphics\gridmesh.cpp(79): warning C4244: 'initializing' : conversion from 'double' to 'float', possible loss of data
     1>c:\users\marcos\documents\github\realtime-rendering\realtime rendering\common\graphics\gridmesh.cpp(115): warning C4018: '<' : signed/unsigned mismatch
     1>c:\users\marcos\documents\github\realtime-rendering\realtime rendering\common\graphics\gridmesh.cpp(119): warning C4018: '<' : signed/unsigned mismatch
     1>c:\users\marcos\documents\github\realtime-rendering\realtime rendering\common\graphics\gridmesh.cpp(134): warning C4018: '<' : signed/unsigned mismatch
     1>c:\users\marcos\documents\github\realtime-rendering\realtime rendering\common\graphics\gridmesh.cpp(144): warning C4018: '<' : signed/unsigned mismatch
         Generating Code...
     1>Done Building Project "C:\Users\Marcos\Documents\GitHub\Realtime-Rendering\Realtime Rendering\Realtime Rendering.vcxproj" (Build target(s)) -- FAILED.

Build FAILED.

Time Elapsed 00:00:04.18
